<?xml version='1.0' encoding='UTF-8'?>
<testsuite hostname="Justins-MacBook-Air.local" name="exp.SyntaxAnalysisTests" tests="11" errors="0" failures="0" skipped="0" time="0.132" timestamp="2023-08-29T18:26:55">
                     <properties>
      <property name="awt.toolkit" value="sun.lwawt.macosx.LWCToolkit"/><property name="java.specification.version" value="11"/><property name="sun.cpu.isalist" value=""/><property name="sun.jnu.encoding" value="UTF-8"/><property name="sun.arch.data.model" value="64"/><property name="java.vendor.url" value="https://github.com/Homebrew/homebrew-core/issues"/><property name="sun.boot.library.path" value="/usr/local/Cellar/openjdk@11/11.0.20/libexec/openjdk.jdk/Contents/Home/lib"/><property name="sun.java.command" value="/usr/local/Cellar/sbt/1.9.2/libexec/bin/sbt-launch.jar"/><property name="jdk.debug" value="release"/><property name="java.specification.vendor" value="Oracle Corporation"/><property name="java.version.date" value="2023-07-18"/><property name="java.home" value="/usr/local/Cellar/openjdk@11/11.0.20/libexec/openjdk.jdk/Contents/Home"/><property name="file.separator" value="/"/><property name="java.vm.compressedOopsMode" value="Zero based"/><property name="line.separator" value="
"/><property name="java.specification.name" value="Java Platform API Specification"/><property name="java.vm.specification.vendor" value="Oracle Corporation"/><property name="sun.management.compiler" value="HotSpot 64-Bit Tiered Compilers"/><property name="java.runtime.version" value="11.0.20+0"/><property name="user.name" value="justinling"/><property name="file.encoding" value="UTF-8"/><property name="jnidispatch.path" value="/var/folders/15/pyk32lcj3fn85z2yrlcnj6xr0000gn/T/jna-1167537799/jna1005893636112852084.tmp"/><property name="java.vendor.version" value="Homebrew"/><property name="jna.loaded" value="true"/><property name="java.io.tmpdir" value="/var/folders/15/pyk32lcj3fn85z2yrlcnj6xr0000gn/T/"/><property name="java.version" value="11.0.20"/><property name="java.vm.specification.name" value="Java Virtual Machine Specification"/><property name="java.awt.printerjob" value="sun.lwawt.macosx.CPrinterJob"/><property name="sun.os.patch.level" value="unknown"/><property name="java.library.path" value="/Users/justinling/Library/Java/Extensions:/Library/Java/Extensions:/Network/Library/Java/Extensions:/System/Library/Java/Extensions:/usr/lib/java:."/><property name="java.vendor" value="Homebrew"/><property name="java.specification.maintenance.version" value="2"/><property name="scala.ext.dirs" value="/Users/justinling/.sbt/1.0/java9-rt-ext-homebrew_11_0_20"/><property name="sun.io.unicode.encoding" value="UnicodeBig"/><property name="socksNonProxyHosts" value="local|*.local|169.254/16|*.169.254/16"/><property name="gopherProxySet" value="false"/><property name="java.class.path" value="/usr/local/Cellar/sbt/1.9.2/libexec/bin/sbt-launch.jar"/><property name="java.vm.vendor" value="Homebrew"/><property name="jline.shutdownhook" value="false"/><property name="user.timezone" value="Australia/Sydney"/><property name="os.name" value="Mac OS X"/><property name="java.vm.specification.version" value="11"/><property name="sun.java.launcher" value="SUN_STANDARD"/><property name="user.country" value="AU"/><property name="http.nonProxyHosts" value="local|*.local|169.254/16|*.169.254/16"/><property name="sun.cpu.endian" value="little"/><property name="user.home" value="/Users/justinling"/><property name="user.language" value="en"/><property name="sbt.script" value="/usr/local/Cellar/sbt/1.9.2/libexec/bin/sbt"/><property name="java.awt.graphicsenv" value="sun.awt.CGraphicsEnvironment"/><property name="jline.esc.timeout" value="0"/><property name="ftp.nonProxyHosts" value="local|*.local|169.254/16|*.169.254/16"/><property name="path.separator" value=":"/><property name="os.version" value="13.2.1"/><property name="jna.nosys" value="true"/><property name="java.runtime.name" value="OpenJDK Runtime Environment"/><property name="java.vm.name" value="OpenJDK 64-Bit Server VM"/><property name="jna.platform.library.path" value="/usr/lib:/usr/lib"/><property name="java.vendor.url.bug" value="https://github.com/Homebrew/homebrew-core/issues"/><property name="user.dir" value="/Users/justinling/Desktop/COMP3k/comp3000_week5"/><property name="os.arch" value="x86_64"/><property name="java.vm.info" value="mixed mode"/><property name="java.vm.version" value="11.0.20+0"/><property name="java.class.version" value="55.0"/>
    </properties>
                     <testcase classname="exp.SyntaxAnalysisTests" name="parsing digits as a factor gives the correct tree" time="0.036">
                                                 
                                               </testcase><testcase classname="exp.SyntaxAnalysisTests" name="parsing a non-integer as an integer gives an error" time="0.003">
                                                 
                                               </testcase><testcase classname="exp.SyntaxAnalysisTests" name="parsing a simple expression produces the correct tree" time="0.013">
                                                 
                                               </testcase><testcase classname="exp.SyntaxAnalysisTests" name="parsing an expression with associative operators produces the correct tree" time="0.004">
                                                 
                                               </testcase><testcase classname="exp.SyntaxAnalysisTests" name="a complex expression is parsed correctly" time="0.008">
                                                 
                                               </testcase><testcase classname="exp.SyntaxAnalysisTests" name="parsing an identifier factor gives the correct tree" time="0.001">
                                                 
                                               </testcase><testcase classname="exp.SyntaxAnalysisTests" name="parsing a non-identifier as an identifier gives an error" time="0.001">
                                                 
                                               </testcase><testcase classname="exp.SyntaxAnalysisTests" name="parsing a set statement gives the correct tree" time="0.006">
                                                 
                                               </testcase><testcase classname="exp.SyntaxAnalysisTests" name="parsing an erroneous set statement fails" time="0.028">
                                                 
                                               </testcase><testcase classname="exp.SyntaxAnalysisTests" name="parsing an expression statement gives the correct tree" time="0.02">
                                                 
                                               </testcase><testcase classname="exp.SyntaxAnalysisTests" name="parsing a program gives the correct tree" time="0.012">
                                                 
                                               </testcase>
                     <system-out><![CDATA[]]></system-out>
                     <system-err><![CDATA[]]></system-err>
                   </testsuite>